These are the current errors on RPi5 Bookworm
[100%] Linking CXX executable test-read-crc16.elf
/usr/lib/gcc/arm-none-eabi/12.2.1/../../../arm-none-eabi/bin/ld: CMakeFiles/test-read-crc16.dir/__/__/openjpeg/openjpeg-lib/dwtlift.c.o:/home/devel/rp2040-rp2350-freertos/openjpeg/openjpeg-lib/dwtlift.h:5: multiple definition of `start'; CMakeFiles/test-read-crc16.dir/main.c.o:/home/devel/rp2040-rp2350-freertos/openjpeg/openjpeg-lib/dwtlift.h:5: first defined here
/usr/lib/gcc/arm-none-eabi/12.2.1/../../../arm-none-eabi/bin/ld: CMakeFiles/test-read-crc16.dir/__/__/openjpeg/openjpeg-lib/dwtlift.c.o:/home/devel/rp2040-rp2350-freertos/openjpeg/openjpeg-lib/dwtlift.h:5: multiple definition of `end'; CMakeFiles/test-read-crc16.dir/main.c.o:/home/devel/rp2040-rp2350-freertos/openjpeg/openjpeg-lib/dwtlift.h:5: first defined here
/usr/lib/gcc/arm-none-eabi/12.2.1/../../../arm-none-eabi/bin/ld: CMakeFiles/test-read-crc16.dir/__/__/openjpeg/openjpeg-lib/dwtlift.c.o:/home/devel/rp2040-rp2350-freertos/openjpeg/openjpeg-lib/dwtlift.h:7: multiple definition of `mtime'; CMakeFiles/test-read-crc16.dir/main.c.o:/home/devel/rp2040-rp2350-freertos/openjpeg/openjpeg-lib/dwtlift.h:7: first defined here
/usr/lib/gcc/arm-none-eabi/12.2.1/../../../arm-none-eabi/bin/ld: CMakeFiles/test-read-crc16.dir/__/__/openjpeg/openjpeg-lib/dwtlift.c.o:/home/devel/rp2040-rp2350-freertos/openjpeg/openjpeg-lib/dwtlift.h:7: multiple definition of `seconds'; CMakeFiles/test-read-crc16.dir/main.c.o:/home/devel/rp2040-rp2350-freertos/openjpeg/openjpeg-lib/dwtlift.h:7: first defined here
/usr/lib/gcc/arm-none-eabi/12.2.1/../../../arm-none-eabi/bin/ld: CMakeFiles/test-read-crc16.dir/__/__/openjpeg/openjpeg-lib/dwtlift.c.o:/home/devel/rp2040-rp2350-freertos/openjpeg/openjpeg-lib/dwtlift.h:7: multiple definition of `useconds'; CMakeFiles/test-read-crc16.dir/main.c.o:/home/devel/rp2040-rp2350-freertos/openjpeg/openjpeg-lib/dwtlift.h:7: first defined here
/usr/lib/gcc/arm-none-eabi/12.2.1/../../../arm-none-eabi/bin/ld: CMakeFiles/test-read-crc16.dir/__/__/openjpeg/openjpeg-lib/dwtlift.c.o:/home/devel/rp2040-rp2350-freertos/openjpeg/openjpeg-lib/dwtlift.h:4: multiple definition of `encode'; CMakeFiles/test-read-crc16.dir/main.c.o:/home/devel/rp2040-rp2350-freertos/openjpeg/openjpeg-lib/dwtlift.h:4: first defined here
/usr/lib/gcc/arm-none-eabi/12.2.1/../../../arm-none-eabi/bin/ld: CMakeFiles/test-read-crc16.dir/__/__/openjpeg/openjpeg-lib/dwtlift.c.o:/home/devel/rp2040-rp2350-freertos/openjpeg/openjpeg-lib/dwtlift.h:4: multiple definition of `decomp'; CMakeFiles/test-read-crc16.dir/main.c.o:/home/devel/rp2040-rp2350-freertos/openjpeg/openjpeg-lib/dwtlift.h:4: first defined here
/usr/lib/gcc/arm-none-eabi/12.2.1/../../../arm-none-eabi/bin/ld: CMakeFiles/test-read-crc16.dir/__/__/openjpeg/openjpeg-lib/dwtlift.c.o:/home/devel/rp2040-rp2350-freertos/openjpeg/openjpeg-lib/dwtlift.h:14: multiple definition of `ff_in'; CMakeFiles/test-read-crc16.dir/main.c.o:/home/devel/rp2040-rp2350-freertos/openjpeg/openjpeg-lib/dwtlift.h:14: first defined here
/usr/lib/gcc/arm-none-eabi/12.2.1/../../../arm-none-eabi/bin/ld: CMakeFiles/test-read-crc16.dir/__/__/openjpeg/openjpeg-lib/dwtlift.c.o:/home/devel/rp2040-rp2350-freertos/openjpeg/openjpeg-lib/dwtlift.h:13: multiple definition of `yy1'; CMakeFiles/test-read-crc16.dir/main.c.o:/home/devel/rp2040-rp2350-freertos/openjpeg/openjpeg-lib/dwtlift.h:13: first defined here
/usr/lib/gcc/arm-none-eabi/12.2.1/../../../arm-none-eabi/bin/ld: CMakeFiles/test-read-crc16.dir/__/__/openjpeg/openjpeg-lib/dwtlift.c.o:/home/devel/rp2040-rp2350-freertos/openjpeg/openjpeg-lib/dwtlift.h:13: multiple definition of `x1'; CMakeFiles/test-read-crc16.dir/main.c.o:/home/devel/rp2040-rp2350-freertos/openjpeg/openjpeg-lib/dwtlift.h:13: first defined here
/usr/lib/gcc/arm-none-eabi/12.2.1/../../../arm-none-eabi/bin/ld: CMakeFiles/test-read-crc16.dir/__/__/openjpeg/openjpeg-lib/dwtlift.c.o:/home/devel/rp2040-rp2350-freertos/openjpeg/openjpeg-lib/dwtlift.h:13: multiple definition of `yy0'; CMakeFiles/test-read-crc16.dir/main.c.o:/home/devel/rp2040-rp2350-freertos/openjpeg/openjpeg-lib/dwtlift.h:13: first defined here
/usr/lib/gcc/arm-none-eabi/12.2.1/../../../arm-none-eabi/bin/ld: CMakeFiles/test-read-crc16.dir/__/__/openjpeg/openjpeg-lib/dwtlift.c.o:/home/devel/rp2040-rp2350-freertos/openjpeg/openjpeg-lib/dwtlift.h:13: multiple definition of `x0'; CMakeFiles/test-read-crc16.dir/main.c.o:/home/devel/rp2040-rp2350-freertos/openjpeg/openjpeg-lib/dwtlift.h:13: first defined here
/usr/lib/gcc/arm-none-eabi/12.2.1/../../../arm-none-eabi/bin/ld: CMakeFiles/test-read-crc16.dir/__/__/openjpeg/openjpeg-lib/dwtlift.c.o:/home/devel/rp2040-rp2350-freertos/openjpeg/openjpeg-lib/dwtlift.h:5: multiple definition of `currentTime'; CMakeFiles/test-read-crc16.dir/main.c.o:/home/devel/rp2040-rp2350-freertos/openjpeg/openjpeg-lib/dwtlift.h:5: first defined here
/usr/lib/gcc/arm-none-eabi/12.2.1/../../../arm-none-eabi/bin/ld: CMakeFiles/test-read-crc16.dir/__/__/openjpeg/openjpeg-lib/dwtlift.c.o:/home/devel/rp2040-rp2350-freertos/openjpeg/openjpeg-lib/dwtlift.h:4: multiple definition of `loop'; CMakeFiles/test-read-crc16.dir/main.c.o:/home/devel/rp2040-rp2350-freertos/openjpeg/openjpeg-lib/dwtlift.h:4: first defined here
/usr/lib/gcc/arm-none-eabi/12.2.1/../../../arm-none-eabi/bin/ld: CMakeFiles/test-read-crc16.dir/__/__/openjpeg/openjpeg-lib/dwtlift.c.o:/home/devel/rp2040-rp2350-freertos/openjpeg/openjpeg-lib/dwtlift.h:2: multiple definition of `memory'; CMakeFiles/test-read-crc16.dir/main.c.o:/home/devel/rp2040-rp2350-freertos/openjpeg/openjpeg-lib/dwtlift.h:2: first defined here
collect2: error: ld returned 1 exit status
make[2]: *** [freertos/test-read-crc16/CMakeFiles/test-read-crc16.dir/build.make:2154: freertos/test-read-crc16/test-read-crc16.elf] Error 1
make[1]: *** [CMakeFiles/Makefile2:3034: freertos/test-read-crc16/CMakeFiles/test-read-crc16.dir/all] Error 2
make: *** [Makefile:91: all] Error 2